[2022-04-02 01:32:43,482] {taskinstance.py:1037} INFO - Dependencies all met for <TaskInstance: soccer.fixtures_in_the_next_five_days manual__2022-04-02T01:32:24.743173+00:00 [queued]>
[2022-04-02 01:32:43,500] {taskinstance.py:1037} INFO - Dependencies all met for <TaskInstance: soccer.fixtures_in_the_next_five_days manual__2022-04-02T01:32:24.743173+00:00 [queued]>
[2022-04-02 01:32:43,501] {taskinstance.py:1243} INFO - 
--------------------------------------------------------------------------------
[2022-04-02 01:32:43,501] {taskinstance.py:1244} INFO - Starting attempt 1 of 4
[2022-04-02 01:32:43,501] {taskinstance.py:1245} INFO - 
--------------------------------------------------------------------------------
[2022-04-02 01:32:43,641] {taskinstance.py:1264} INFO - Executing <Task(BashOperator): fixtures_in_the_next_five_days> on 2022-04-02 01:32:24.743173+00:00
[2022-04-02 01:32:43,644] {standard_task_runner.py:52} INFO - Started process 25773 to run task
[2022-04-02 01:32:43,648] {standard_task_runner.py:76} INFO - Running: ['airflow', 'tasks', 'run', 'soccer', 'fixtures_in_the_next_five_days', 'manual__2022-04-02T01:32:24.743173+00:00', '--job-id', '178', '--raw', '--subdir', 'DAGS_FOLDER/sports.py', '--cfg-path', '/tmp/tmp4ku76w7w', '--error-file', '/tmp/tmpi6hv07qr']
[2022-04-02 01:32:43,649] {standard_task_runner.py:77} INFO - Job 178: Subtask fixtures_in_the_next_five_days
[2022-04-02 01:32:43,923] {logging_mixin.py:109} INFO - Running <TaskInstance: soccer.fixtures_in_the_next_five_days manual__2022-04-02T01:32:24.743173+00:00 [running]> on host J-E-Godwyll.localdomain
[2022-04-02 01:32:44,216] {taskinstance.py:1429} INFO - Exporting the following env vars:
AIRFLOW_CTX_DAG_EMAIL=mymahmj@gmail.com
AIRFLOW_CTX_DAG_OWNER=ewurabapotez
AIRFLOW_CTX_DAG_ID=soccer
AIRFLOW_CTX_TASK_ID=fixtures_in_the_next_five_days
AIRFLOW_CTX_EXECUTION_DATE=2022-04-02T01:32:24.743173+00:00
AIRFLOW_CTX_DAG_RUN_ID=manual__2022-04-02T01:32:24.743173+00:00
[2022-04-02 01:32:44,216] {subprocess.py:62} INFO - Tmp dir root location: 
 /tmp
[2022-04-02 01:32:44,217] {subprocess.py:74} INFO - Running command: ['bash', '-c', 'soccer --time 5 --upcoming']
[2022-04-02 01:32:44,222] {subprocess.py:85} INFO - Output:
[2022-04-02 01:32:48,093] {subprocess.py:89} INFO - Liverpool FC                   vs                    Watford FC   Sat 02, 11:30
[2022-04-02 01:32:48,094] {subprocess.py:89} INFO - 
[2022-04-02 01:32:48,094] {subprocess.py:89} INFO - Blackpool FC                   vs          Nottingham Forest FC   Sat 02, 11:30
[2022-04-02 01:32:48,094] {subprocess.py:89} INFO - 
[2022-04-02 01:32:48,095] {subprocess.py:89} INFO - Getafe CF                      vs                  RCD Mallorca   Sat 02, 12:00
[2022-04-02 01:32:48,095] {subprocess.py:89} INFO - 
[2022-04-02 01:32:48,095] {subprocess.py:89} INFO - Spezia Calcio                  vs                    Venezia FC   Sat 02, 13:00
[2022-04-02 01:32:48,096] {subprocess.py:89} INFO - 
[2022-04-02 01:32:48,096] {subprocess.py:89} INFO - Arminia Bielefeld              vs                 VfB Stuttgart   Sat 02, 13:30
[2022-04-02 01:32:48,096] {subprocess.py:89} INFO - 
[2022-04-02 01:32:48,097] {subprocess.py:89} INFO - SC Freiburg                    vs             FC Bayern München   Sat 02, 13:30
[2022-04-02 01:32:48,097] {subprocess.py:89} INFO - 
[2022-04-02 01:32:48,098] {subprocess.py:89} INFO - Eintracht Frankfurt            vs     SpVgg Greuther Fürth 1903   Sat 02, 13:30
[2022-04-02 01:32:48,098] {subprocess.py:89} INFO - 
[2022-04-02 01:32:48,098] {subprocess.py:89} INFO - TSG 1899 Hoffenheim            vs               VfL Bochum 1848   Sat 02, 13:30
[2022-04-02 01:32:48,099] {subprocess.py:89} INFO - 
[2022-04-02 01:32:48,099] {subprocess.py:89} INFO - Bayer 04 Leverkusen            vs                    Hertha BSC   Sat 02, 13:30
[2022-04-02 01:32:48,100] {subprocess.py:89} INFO - 
[2022-04-02 01:32:48,100] {subprocess.py:89} INFO - Coventry City FC               vs           Blackburn Rovers FC   Sat 02, 14:00
[2022-04-02 01:32:48,101] {subprocess.py:89} INFO - 
[2022-04-02 01:32:48,101] {subprocess.py:89} INFO - Burnley FC                     vs            Manchester City FC   Sat 02, 14:00
[2022-04-02 01:32:48,101] {subprocess.py:89} INFO - 
[2022-04-02 01:32:48,102] {subprocess.py:89} INFO - AFC Bournemouth                vs               Bristol City FC   Sat 02, 14:00
[2022-04-02 01:32:48,102] {subprocess.py:89} INFO - 
[2022-04-02 01:32:48,103] {subprocess.py:89} INFO - Luton Town FC                  vs                   Millwall FC   Sat 02, 14:00
[2022-04-02 01:32:48,103] {subprocess.py:89} INFO - 
[2022-04-02 01:32:48,104] {subprocess.py:89} INFO - Queens Park Rangers FC         vs                     Fulham FC   Sat 02, 14:00
[2022-04-02 01:32:48,105] {subprocess.py:89} INFO - 
[2022-04-02 01:32:48,106] {subprocess.py:89} INFO - Cardiff City FC                vs              Swansea City AFC   Sat 02, 14:00
[2022-04-02 01:32:48,106] {subprocess.py:89} INFO - 
[2022-04-02 01:32:48,106] {subprocess.py:89} INFO - Wolverhampton Wanderers FC     vs                Aston Villa FC   Sat 02, 14:00
[2022-04-02 01:32:48,107] {subprocess.py:89} INFO - 
[2022-04-02 01:32:48,107] {subprocess.py:89} INFO - Chelsea FC                     vs                  Brentford FC   Sat 02, 14:00
[2022-04-02 01:32:48,107] {subprocess.py:89} INFO - 
[2022-04-02 01:32:48,108] {subprocess.py:89} INFO - Brighton & Hove Albion FC      vs               Norwich City FC   Sat 02, 14:00
[2022-04-02 01:32:48,108] {subprocess.py:89} INFO - 
[2022-04-02 01:32:48,109] {subprocess.py:89} INFO - Derby County FC                vs          Preston North End FC   Sat 02, 14:00
[2022-04-02 01:32:48,109] {subprocess.py:89} INFO - 
[2022-04-02 01:32:48,109] {subprocess.py:89} INFO - Peterborough United FC         vs              Middlesbrough FC   Sat 02, 14:00
[2022-04-02 01:32:48,110] {subprocess.py:89} INFO - 
[2022-04-02 01:32:48,110] {subprocess.py:89} INFO - Stoke City FC                  vs           Sheffield United FC   Sat 02, 14:00
[2022-04-02 01:32:48,110] {subprocess.py:89} INFO - 
[2022-04-02 01:32:48,111] {subprocess.py:89} INFO - Leeds United FC                vs                Southampton FC   Sat 02, 14:00
[2022-04-02 01:32:48,111] {subprocess.py:89} INFO - 
[2022-04-02 01:32:48,112] {subprocess.py:89} INFO - Barnsley FC                    vs                    Reading FC   Sat 02, 14:00
[2022-04-02 01:32:48,112] {subprocess.py:89} INFO - 
[2022-04-02 01:32:48,113] {subprocess.py:89} INFO - Levante UD                     vs                 Villarreal CF   Sat 02, 14:15
[2022-04-02 01:32:48,113] {subprocess.py:89} INFO - 
[2022-04-02 01:32:48,113] {subprocess.py:89} INFO - FC Groningen                   vs                      AFC Ajax   Sat 02, 14:30
[2022-04-02 01:32:48,114] {subprocess.py:89} INFO - 
[2022-04-02 01:32:48,114] {subprocess.py:89} INFO - Os Belenenses Futebol          vs               Portimonense SC   Sat 02, 14:30
[2022-04-02 01:32:48,115] {subprocess.py:89} INFO - 
[2022-04-02 01:32:48,115] {subprocess.py:89} INFO - OGC Nice                       vs         Stade Rennais FC 1901   Sat 02, 15:00
[2022-04-02 01:32:48,115] {subprocess.py:89} INFO - 
[2022-04-02 01:32:48,116] {subprocess.py:89} INFO - SS Lazio                       vs            US Sassuolo Calcio   Sat 02, 16:00
[2022-04-02 01:32:48,116] {subprocess.py:89} INFO - 
[2022-04-02 01:32:48,116] {subprocess.py:89} INFO - Borussia Dortmund              vs                    RB Leipzig   Sat 02, 16:30
[2022-04-02 01:32:48,117] {subprocess.py:89} INFO - 
[2022-04-02 01:32:48,117] {subprocess.py:89} INFO - RC Celta de Vigo               vs                Real Madrid CF   Sat 02, 16:30
[2022-04-02 01:32:48,117] {subprocess.py:89} INFO - 
[2022-04-02 01:32:48,118] {subprocess.py:89} INFO - Manchester United FC           vs             Leicester City FC   Sat 02, 16:30
[2022-04-02 01:32:48,118] {subprocess.py:89} INFO - 
[2022-04-02 01:32:48,118] {subprocess.py:89} INFO - FC Twente '65                  vs                           PSV   Sat 02, 16:45
[2022-04-02 01:32:48,119] {subprocess.py:89} INFO - 
[2022-04-02 01:32:48,119] {subprocess.py:89} INFO - GD Estoril Praia               vs                     FC Vizela   Sat 02, 17:00
[2022-04-02 01:32:48,121] {subprocess.py:89} INFO - 
[2022-04-02 01:32:48,122] {subprocess.py:89} INFO - Lille OSC                      vs      FC Girondins de Bordeaux   Sat 02, 17:00
[2022-04-02 01:32:48,122] {subprocess.py:89} INFO - 
[2022-04-02 01:32:48,123] {subprocess.py:89} INFO - FC Arouca                      vs                Gil Vicente FC   Sat 02, 17:00
[2022-04-02 01:32:48,123] {subprocess.py:89} INFO - 
[2022-04-02 01:32:48,124] {subprocess.py:89} INFO - AZ                             vs                   SBV Vitesse   Sat 02, 18:00
[2022-04-02 01:32:48,124] {subprocess.py:89} INFO - 
[2022-04-02 01:32:48,124] {subprocess.py:89} INFO - RKC Waalwijk                   vs                    FC Utrecht   Sat 02, 18:00
[2022-04-02 01:32:48,125] {subprocess.py:89} INFO - 
[2022-04-02 01:32:48,125] {subprocess.py:89} INFO - US Salernitana 1919            vs                     Torino FC   Sat 02, 18:45
[2022-04-02 01:32:48,126] {subprocess.py:89} INFO - 
[2022-04-02 01:32:48,126] {subprocess.py:89} INFO - Feyenoord Rotterdam            vs             Willem II Tilburg   Sat 02, 19:00
[2022-04-02 01:32:48,126] {subprocess.py:89} INFO - 
[2022-04-02 01:32:48,127] {subprocess.py:89} INFO - Club Atlético de Madrid        vs              Deportivo Alavés   Sat 02, 19:00
[2022-04-02 01:32:48,127] {subprocess.py:89} INFO - 
[2022-04-02 01:32:48,128] {subprocess.py:89} INFO - AS Saint-Étienne               vs        Olympique de Marseille   Sat 02, 19:00
[2022-04-02 01:32:48,128] {subprocess.py:89} INFO - 
[2022-04-02 01:32:48,128] {subprocess.py:89} INFO - FC Famalicão                   vs                   Boavista FC   Sat 02, 19:30
[2022-04-02 01:32:48,129] {subprocess.py:89} INFO - 
[2022-04-02 01:32:48,129] {subprocess.py:89} INFO - /usr/local/lib/python3.8/dist-packages/requests-2.20.0-py3.8.egg/requests/__init__.py:89: RequestsDependencyWarning: urllib3 (1.25.8) or chardet (3.0.4) doesn't match a supported version!
[2022-04-02 01:32:48,130] {subprocess.py:89} INFO -   warnings.warn("urllib3 ({}) or chardet ({}) doesn't match a supported "
[2022-04-02 01:32:48,135] {subprocess.py:93} INFO - Command exited with return code 0
[2022-04-02 01:32:48,325] {taskinstance.py:1272} INFO - Marking task as SUCCESS. dag_id=soccer, task_id=fixtures_in_the_next_five_days, execution_date=20220402T013224, start_date=20220402T013243, end_date=20220402T013248
[2022-04-02 01:32:48,492] {local_task_job.py:154} INFO - Task exited with return code 0
[2022-04-02 01:32:48,528] {local_task_job.py:264} INFO - 0 downstream tasks scheduled from follow-on schedule check
