[2022-04-02 01:32:37,981] {taskinstance.py:1037} INFO - Dependencies all met for <TaskInstance: soccer.premierleague_standings manual__2022-04-02T01:32:24.743173+00:00 [queued]>
[2022-04-02 01:32:38,000] {taskinstance.py:1037} INFO - Dependencies all met for <TaskInstance: soccer.premierleague_standings manual__2022-04-02T01:32:24.743173+00:00 [queued]>
[2022-04-02 01:32:38,000] {taskinstance.py:1243} INFO - 
--------------------------------------------------------------------------------
[2022-04-02 01:32:38,001] {taskinstance.py:1244} INFO - Starting attempt 1 of 4
[2022-04-02 01:32:38,001] {taskinstance.py:1245} INFO - 
--------------------------------------------------------------------------------
[2022-04-02 01:32:38,320] {taskinstance.py:1264} INFO - Executing <Task(BashOperator): premierleague_standings> on 2022-04-02 01:32:24.743173+00:00
[2022-04-02 01:32:38,324] {standard_task_runner.py:52} INFO - Started process 25769 to run task
[2022-04-02 01:32:38,329] {standard_task_runner.py:76} INFO - Running: ['airflow', 'tasks', 'run', 'soccer', 'premierleague_standings', 'manual__2022-04-02T01:32:24.743173+00:00', '--job-id', '177', '--raw', '--subdir', 'DAGS_FOLDER/sports.py', '--cfg-path', '/tmp/tmpkzw4mp5e', '--error-file', '/tmp/tmp8r63fhch']
[2022-04-02 01:32:38,330] {standard_task_runner.py:77} INFO - Job 177: Subtask premierleague_standings
[2022-04-02 01:32:38,597] {logging_mixin.py:109} INFO - Running <TaskInstance: soccer.premierleague_standings manual__2022-04-02T01:32:24.743173+00:00 [running]> on host J-E-Godwyll.localdomain
[2022-04-02 01:32:38,848] {taskinstance.py:1429} INFO - Exporting the following env vars:
AIRFLOW_CTX_DAG_EMAIL=mymahmj@gmail.com
AIRFLOW_CTX_DAG_OWNER=ewurabapotez
AIRFLOW_CTX_DAG_ID=soccer
AIRFLOW_CTX_TASK_ID=premierleague_standings
AIRFLOW_CTX_EXECUTION_DATE=2022-04-02T01:32:24.743173+00:00
AIRFLOW_CTX_DAG_RUN_ID=manual__2022-04-02T01:32:24.743173+00:00
[2022-04-02 01:32:38,848] {subprocess.py:62} INFO - Tmp dir root location: 
 /tmp
[2022-04-02 01:32:38,849] {subprocess.py:74} INFO - Running command: ['bash', '-c', 'soccer --standings --league=PL']
[2022-04-02 01:32:38,854] {subprocess.py:85} INFO - Output:
[2022-04-02 01:32:40,895] {subprocess.py:89} INFO - POS     CLUB                              PLAYED        GOAL DIFF     POINTS
[2022-04-02 01:32:40,896] {subprocess.py:89} INFO - 1       Manchester City FC                29            50            70
[2022-04-02 01:32:40,896] {subprocess.py:89} INFO - 2       Liverpool FC                      29            55            69
[2022-04-02 01:32:40,897] {subprocess.py:89} INFO - 3       Chelsea FC                        28            38            59
[2022-04-02 01:32:40,897] {subprocess.py:89} INFO - 4       Arsenal FC                        28            13            54
[2022-04-02 01:32:40,897] {subprocess.py:89} INFO - 5       Tottenham Hotspur FC              29            11            51
[2022-04-02 01:32:40,898] {subprocess.py:89} INFO - 6       Manchester United FC              29            8             50
[2022-04-02 01:32:40,898] {subprocess.py:89} INFO - 7       West Ham United FC                30            10            48
[2022-04-02 01:32:40,899] {subprocess.py:89} INFO - 8       Wolverhampton Wanderers FC        30            5             46
[2022-04-02 01:32:40,899] {subprocess.py:89} INFO - 9       Aston Villa FC                    29            1             36
[2022-04-02 01:32:40,899] {subprocess.py:89} INFO - 10      Leicester City FC                 27           -4             36
[2022-04-02 01:32:40,900] {subprocess.py:89} INFO - 11      Southampton FC                    29           -9             35
[2022-04-02 01:32:40,900] {subprocess.py:89} INFO - 12      Crystal Palace FC                 29            1             34
[2022-04-02 01:32:40,901] {subprocess.py:89} INFO - 13      Brighton & Hove Albion FC         29           -10            33
[2022-04-02 01:32:40,901] {subprocess.py:89} INFO - 14      Newcastle United FC               29           -17            31
[2022-04-02 01:32:40,901] {subprocess.py:89} INFO - 15      Brentford FC                      30           -14            30
[2022-04-02 01:32:40,902] {subprocess.py:89} INFO - 16      Leeds United FC                   30           -33            29
[2022-04-02 01:32:40,902] {subprocess.py:89} INFO - 17      Everton FC                        27           -18            25
[2022-04-02 01:32:40,902] {subprocess.py:89} INFO - 18      Watford FC                        29           -26            22
[2022-04-02 01:32:40,903] {subprocess.py:89} INFO - 19      Burnley FC                        27           -16            21
[2022-04-02 01:32:40,903] {subprocess.py:89} INFO - 20      Norwich City FC                   29           -45            17
[2022-04-02 01:32:40,903] {subprocess.py:89} INFO - /usr/local/lib/python3.8/dist-packages/requests-2.20.0-py3.8.egg/requests/__init__.py:89: RequestsDependencyWarning: urllib3 (1.25.8) or chardet (3.0.4) doesn't match a supported version!
[2022-04-02 01:32:40,904] {subprocess.py:89} INFO -   warnings.warn("urllib3 ({}) or chardet ({}) doesn't match a supported "
[2022-04-02 01:32:40,925] {subprocess.py:93} INFO - Command exited with return code 0
[2022-04-02 01:32:41,115] {taskinstance.py:1272} INFO - Marking task as SUCCESS. dag_id=soccer, task_id=premierleague_standings, execution_date=20220402T013224, start_date=20220402T013237, end_date=20220402T013241
[2022-04-02 01:32:41,321] {local_task_job.py:154} INFO - Task exited with return code 0
[2022-04-02 01:32:41,361] {local_task_job.py:264} INFO - 0 downstream tasks scheduled from follow-on schedule check
