[2022-04-02 01:32:28,170] {taskinstance.py:1037} INFO - Dependencies all met for <TaskInstance: soccer.print_date manual__2022-04-02T01:32:24.743173+00:00 [queued]>
[2022-04-02 01:32:28,188] {taskinstance.py:1037} INFO - Dependencies all met for <TaskInstance: soccer.print_date manual__2022-04-02T01:32:24.743173+00:00 [queued]>
[2022-04-02 01:32:28,188] {taskinstance.py:1243} INFO - 
--------------------------------------------------------------------------------
[2022-04-02 01:32:28,188] {taskinstance.py:1244} INFO - Starting attempt 1 of 2
[2022-04-02 01:32:28,188] {taskinstance.py:1245} INFO - 
--------------------------------------------------------------------------------
[2022-04-02 01:32:28,330] {taskinstance.py:1264} INFO - Executing <Task(BashOperator): print_date> on 2022-04-02 01:32:24.743173+00:00
[2022-04-02 01:32:28,334] {standard_task_runner.py:52} INFO - Started process 25760 to run task
[2022-04-02 01:32:28,338] {standard_task_runner.py:76} INFO - Running: ['airflow', 'tasks', 'run', 'soccer', 'print_date', 'manual__2022-04-02T01:32:24.743173+00:00', '--job-id', '175', '--raw', '--subdir', 'DAGS_FOLDER/sports.py', '--cfg-path', '/tmp/tmpxvp0q5h2', '--error-file', '/tmp/tmph1qz2i15']
[2022-04-02 01:32:28,339] {standard_task_runner.py:77} INFO - Job 175: Subtask print_date
[2022-04-02 01:32:28,509] {logging_mixin.py:109} INFO - Running <TaskInstance: soccer.print_date manual__2022-04-02T01:32:24.743173+00:00 [running]> on host J-E-Godwyll.localdomain
[2022-04-02 01:32:28,882] {taskinstance.py:1429} INFO - Exporting the following env vars:
AIRFLOW_CTX_DAG_EMAIL=mymahmj@gmail.com
AIRFLOW_CTX_DAG_OWNER=ewurabapotez
AIRFLOW_CTX_DAG_ID=soccer
AIRFLOW_CTX_TASK_ID=print_date
AIRFLOW_CTX_EXECUTION_DATE=2022-04-02T01:32:24.743173+00:00
AIRFLOW_CTX_DAG_RUN_ID=manual__2022-04-02T01:32:24.743173+00:00
[2022-04-02 01:32:28,883] {subprocess.py:62} INFO - Tmp dir root location: 
 /tmp
[2022-04-02 01:32:28,884] {subprocess.py:74} INFO - Running command: ['bash', '-c', 'date']
[2022-04-02 01:32:28,889] {subprocess.py:85} INFO - Output:
[2022-04-02 01:32:28,894] {subprocess.py:89} INFO - Sat Apr  2 01:32:28 UTC 2022
[2022-04-02 01:32:28,894] {subprocess.py:93} INFO - Command exited with return code 0
[2022-04-02 01:32:29,029] {taskinstance.py:1272} INFO - Marking task as SUCCESS. dag_id=soccer, task_id=print_date, execution_date=20220402T013224, start_date=20220402T013228, end_date=20220402T013229
[2022-04-02 01:32:29,274] {local_task_job.py:154} INFO - Task exited with return code 0
[2022-04-02 01:32:29,397] {local_task_job.py:264} INFO - 3 downstream tasks scheduled from follow-on schedule check
